<?xml version="1.0" encoding="UTF-8"?>
<testsuite xmlns:xsi="http://www.w3.org/2001/XMLSchema-instance" xsi:noNamespaceSchemaLocation="https://maven.apache.org/surefire/maven-surefire-plugin/xsd/surefire-test-report-3.0.xsd" version="3.0" name="my.exercise.uiventech.ContentGeneratorTest" time="0.263" tests="4" errors="0" skipped="0" failures="0">
  <properties>
[...]
</properties>
  <testcase name="generateDataWithNoLineShouldThrowException" classname="my.exercise.uiventech.ContentGeneratorTest" time="0.184"/>
  <testcase name="getUniqueStringShouldReturn100CharactersAndStartWithIndex" classname="my.exercise.uiventech.ContentGeneratorTest" time="0.008"/>
  <testcase name="generatedDataShouldContainExactlyLineNumber" classname="my.exercise.uiventech.ContentGeneratorTest" time="0.014"/>
  <testcase name="generateDataWithMoreThan230LinesShouldThrowException" classname="my.exercise.uiventech.ContentGeneratorTest" time="0.004"/>
</testsuite>